# JRE version: OpenJDK Runtime Environment (8.0_112-b06) (build 1.8.0_112-release-b06)
# Java VM: OpenJDK 64-Bit Server VM (25.112-b06 mixed mode windows-amd64 compressed oops)
Heap:
 PSYoungGen      total 322048K, used 190273K [0x00000000e0000000, 0x00000000f9200000, 0x0000000100000000)
  eden space 232448K, 52% used [0x00000000e0000000,0x00000000e7828d78,0x00000000ee300000)
  from space 89600K, 75% used [0x00000000ee300000,0x00000000f24a76c0,0x00000000f3a80000)
  to   space 89088K, 0% used [0x00000000f3a80000,0x00000000f3a80000,0x00000000f9180000)
 ParOldGen       total 171008K, used 109148K [0x00000000a0000000, 0x00000000aa700000, 0x00000000e0000000)
  object space 171008K, 63% used [0x00000000a0000000,0x00000000a6a97020,0x00000000aa700000)
 Metaspace       used 77798K, capacity 82228K, committed 82432K, reserved 1120256K
  class space    used 9979K, capacity 10730K, committed 10752K, reserved 1048576K
GC Heap History (10 events):
Event: 1065.970 GC heap before
{Heap before GC invocations=34 (full 3):
 PSYoungGen      total 209920K, used 209919K [0x00000000e0000000, 0x00000000f1700000, 0x0000000100000000)
  eden space 163328K, 100% used [0x00000000e0000000,0x00000000e9f80000,0x00000000e9f80000)
  from space 46592K, 99% used [0x00000000ed680000,0x00000000f03ffe38,0x00000000f0400000)
  to   space 56320K, 0% used [0x00000000e9f80000,0x00000000e9f80000,0x00000000ed680000)
 ParOldGen       total 171008K, used 69776K [0x00000000a0000000, 0x00000000aa700000, 0x00000000e0000000)
  object space 171008K, 40% used [0x00000000a0000000,0x00000000a4424258,0x00000000aa700000)
 Metaspace       used 76571K, capacity 80976K, committed 81024K, reserved 1120256K
  class space    used 9818K, capacity 10592K, committed 10624K, reserved 1048576K
Event: 1066.126 GC heap after
Heap after GC invocations=34 (full 3):
 PSYoungGen      total 219648K, used 56308K [0x00000000e0000000, 0x00000000f5100000, 0x0000000100000000)
  eden space 163328K, 0% used [0x00000000e0000000,0x00000000e0000000,0x00000000e9f80000)
  from space 56320K, 99% used [0x00000000e9f80000,0x00000000ed67d298,0x00000000ed680000)
  to   space 69632K, 0% used [0x00000000f0d00000,0x00000000f0d00000,0x00000000f5100000)
 ParOldGen       total 171008K, used 82651K [0x00000000a0000000, 0x00000000aa700000, 0x00000000e0000000)
  object space 171008K, 48% used [0x00000000a0000000,0x00000000a50b6ff8,0x00000000aa700000)
 Metaspace       used 76571K, capacity 80976K, committed 81024K, reserved 1120256K
  class space    used 9818K, capacity 10592K, committed 10624K, reserved 1048576K
}
Event: 1066.640 GC heap before
{Heap before GC invocations=35 (full 3):
 PSYoungGen      total 219648K, used 219636K [0x00000000e0000000, 0x00000000f5100000, 0x0000000100000000)
  eden space 163328K, 100% used [0x00000000e0000000,0x00000000e9f80000,0x00000000e9f80000)
  from space 56320K, 99% used [0x00000000e9f80000,0x00000000ed67d298,0x00000000ed680000)
  to   space 69632K, 0% used [0x00000000f0d00000,0x00000000f0d00000,0x00000000f5100000)
 ParOldGen       total 171008K, used 82651K [0x00000000a0000000, 0x00000000aa700000, 0x00000000e0000000)
  object space 171008K, 48% used [0x00000000a0000000,0x00000000a50b6ff8,0x00000000aa700000)
 Metaspace       used 76585K, capacity 80976K, committed 81024K, reserved 1120256K
  class space    used 9818K, capacity 10592K, committed 10624K, reserved 1048576K
Event: 1066.763 GC heap after
Heap after GC invocations=35 (full 3):
 PSYoungGen      total 260608K, used 69607K [0x00000000e0000000, 0x00000000f6f00000, 0x0000000100000000)
  eden space 190976K, 0% used [0x00000000e0000000,0x00000000e0000000,0x00000000eba80000)
  from space 69632K, 99% used [0x00000000f0d00000,0x00000000f50f9c28,0x00000000f5100000)
  to   space 84480K, 0% used [0x00000000eba80000,0x00000000eba80000,0x00000000f0d00000)
 ParOldGen       total 171008K, used 92347K [0x00000000a0000000, 0x00000000aa700000, 0x00000000e0000000)
  object space 171008K, 54% used [0x00000000a0000000,0x00000000a5a2eda8,0x00000000aa700000)
 Metaspace       used 76585K, capacity 80976K, committed 81024K, reserved 1120256K
  class space    used 9818K, capacity 10592K, committed 10624K, reserved 1048576K
}
Event: 1068.128 GC heap before
{Heap before GC invocations=36 (full 3):
 PSYoungGen      total 260608K, used 260583K [0x00000000e0000000, 0x00000000f6f00000, 0x0000000100000000)
  eden space 190976K, 100% used [0x00000000e0000000,0x00000000eba80000,0x00000000eba80000)
  from space 69632K, 99% used [0x00000000f0d00000,0x00000000f50f9c28,0x00000000f5100000)
  to   space 84480K, 0% used [0x00000000eba80000,0x00000000eba80000,0x00000000f0d00000)
 ParOldGen       total 171008K, used 92347K [0x00000000a0000000, 0x00000000aa700000, 0x00000000e0000000)
  object space 171008K, 54% used [0x00000000a0000000,0x00000000a5a2eda8,0x00000000aa700000)
 Metaspace       used 76674K, capacity 81104K, committed 81280K, reserved 1120256K
  class space    used 9818K, capacity 10592K, committed 10624K, reserved 1048576K
Event: 1068.252 GC heap after
Heap after GC invocations=36 (full 3):
 PSYoungGen      total 275456K, used 59101K [0x00000000e0000000, 0x00000000f9180000, 0x0000000100000000)
  eden space 190976K, 0% used [0x00000000e0000000,0x00000000e0000000,0x00000000eba80000)
  from space 84480K, 69% used [0x00000000eba80000,0x00000000ef4375c0,0x00000000f0d00000)
  to   space 89088K, 0% used [0x00000000f3a80000,0x00000000f3a80000,0x00000000f9180000)
 ParOldGen       total 171008K, used 95739K [0x00000000a0000000, 0x00000000aa700000, 0x00000000e0000000)
  object space 171008K, 55% used [0x00000000a0000000,0x00000000a5d7ede8,0x00000000aa700000)
 Metaspace       used 76674K, capacity 81104K, committed 81280K, reserved 1120256K
  class space    used 9818K, capacity 10592K, committed 10624K, reserved 1048576K
}
Event: 1069.609 GC heap before
{Heap before GC invocations=37 (full 3):
 PSYoungGen      total 275456K, used 250077K [0x00000000e0000000, 0x00000000f9180000, 0x0000000100000000)
  eden space 190976K, 100% used [0x00000000e0000000,0x00000000eba80000,0x00000000eba80000)
  from space 84480K, 69% used [0x00000000eba80000,0x00000000ef4375c0,0x00000000f0d00000)
  to   space 89088K, 0% used [0x00000000f3a80000,0x00000000f3a80000,0x00000000f9180000)
 ParOldGen       total 171008K, used 95739K [0x00000000a0000000, 0x00000000aa700000, 0x00000000e0000000)
  object space 171008K, 55% used [0x00000000a0000000,0x00000000a5d7ede8,0x00000000aa700000)
 Metaspace       used 76725K, capacity 81104K, committed 81280K, reserved 1120256K
  class space    used 9819K, capacity 10592K, committed 10624K, reserved 1048576K
Event: 1069.698 GC heap after
Heap after GC invocations=37 (full 3):
 PSYoungGen      total 321536K, used 51809K [0x00000000e0000000, 0x00000000f9200000, 0x0000000100000000)
  eden space 232448K, 0% used [0x00000000e0000000,0x00000000e0000000,0x00000000ee300000)
  from space 89088K, 58% used [0x00000000f3a80000,0x00000000f6d186f8,0x00000000f9180000)
  to   space 89600K, 0% used [0x00000000ee300000,0x00000000ee300000,0x00000000f3a80000)
 ParOldGen       total 171008K, used 99088K [0x00000000a0000000, 0x00000000aa700000, 0x00000000e0000000)
  object space 171008K, 57% used [0x00000000a0000000,0x00000000a60c41a0,0x00000000aa700000)
 Metaspace       used 76725K, capacity 81104K, committed 81280K, reserved 1120256K
  class space    used 9819K, capacity 10592K, committed 10624K, reserved 1048576K
}
Event: 1070.546 GC heap before
{Heap before GC invocations=38 (full 3):
 PSYoungGen      total 321536K, used 284257K [0x00000000e0000000, 0x00000000f9200000, 0x0000000100000000)
  eden space 232448K, 100% used [0x00000000e0000000,0x00000000ee300000,0x00000000ee300000)
  from space 89088K, 58% used [0x00000000f3a80000,0x00000000f6d186f8,0x00000000f9180000)
  to   space 89600K, 0% used [0x00000000ee300000,0x00000000ee300000,0x00000000f3a80000)
 ParOldGen       total 171008K, used 99088K [0x00000000a0000000, 0x00000000aa700000, 0x00000000e0000000)
  object space 171008K, 57% used [0x00000000a0000000,0x00000000a60c41a0,0x00000000aa700000)
 Metaspace       used 76745K, capacity 81168K, committed 81280K, reserved 1120256K
  class space    used 9820K, capacity 10592K, committed 10624K, reserved 1048576K
Event: 1070.665 GC heap after
Heap after GC invocations=38 (full 3):
 PSYoungGen      total 322048K, used 67229K [0x00000000e0000000, 0x00000000f9200000, 0x0000000100000000)
  eden space 232448K, 0% used [0x00000000e0000000,0x00000000e0000000,0x00000000ee300000)
  from space 89600K, 75% used [0x00000000ee300000,0x00000000f24a76c0,0x00000000f3a80000)
  to   space 89088K, 0% used [0x00000000f3a80000,0x00000000f3a80000,0x00000000f9180000)
 ParOldGen       total 171008K, used 109148K [0x00000000a0000000, 0x00000000aa700000, 0x00000000e0000000)
  object space 171008K, 63% used [0x00000000a0000000,0x00000000a6a97020,0x00000000aa700000)
 Metaspace       used 76745K, capacity 81168K, committed 81280K, reserved 1120256K
  class space    used 9820K, capacity 10592K, committed 10624K, reserved 1048576K
}

