# JRE version: OpenJDK Runtime Environment (8.0_112-b06) (build 1.8.0_112-release-b06)
# Java VM: OpenJDK 64-Bit Server VM (25.112-b06 mixed mode windows-amd64 compressed oops)
Heap:
 PSYoungGen      total 143872K, used 31363K [0x00000000e0000000, 0x00000000ed180000, 0x0000000100000000)
  eden space 126976K, 11% used [0x00000000e0000000,0x00000000e0e24ca8,0x00000000e7c00000)
  from space 16896K, 99% used [0x00000000e7c00000,0x00000000e8c7c228,0x00000000e8c80000)
  to   space 23040K, 0% used [0x00000000ebb00000,0x00000000ebb00000,0x00000000ed180000)
 ParOldGen       total 93696K, used 34384K [0x00000000a0000000, 0x00000000a5b80000, 0x00000000e0000000)
  object space 93696K, 36% used [0x00000000a0000000,0x00000000a21942e8,0x00000000a5b80000)
 Metaspace       used 53807K, capacity 56106K, committed 56320K, reserved 1097728K
  class space    used 7324K, capacity 7822K, committed 7936K, reserved 1048576K
GC Heap History (10 events):
Event: 10.637 GC heap before
{Heap before GC invocations=11 (full 2):
 PSYoungGen      total 80896K, used 8519K [0x00000000e0000000, 0x00000000e7480000, 0x0000000100000000)
  eden space 70144K, 0% used [0x00000000e0000000,0x00000000e0000000,0x00000000e4480000)
  from space 10752K, 79% used [0x00000000e4480000,0x00000000e4cd1d28,0x00000000e4f00000)
  to   space 11264K, 0% used [0x00000000e6980000,0x00000000e6980000,0x00000000e7480000)
 ParOldGen       total 65536K, used 8773K [0x00000000a0000000, 0x00000000a4000000, 0x00000000e0000000)
  object space 65536K, 13% used [0x00000000a0000000,0x00000000a0891600,0x00000000a4000000)
 Metaspace       used 34621K, capacity 35412K, committed 35496K, reserved 1079296K
  class space    used 4651K, capacity 4849K, committed 4864K, reserved 1048576K
Event: 10.731 GC heap after
Heap after GC invocations=11 (full 2):
 PSYoungGen      total 80896K, used 0K [0x00000000e0000000, 0x00000000e7480000, 0x0000000100000000)
  eden space 70144K, 0% used [0x00000000e0000000,0x00000000e0000000,0x00000000e4480000)
  from space 10752K, 0% used [0x00000000e4480000,0x00000000e4480000,0x00000000e4f00000)
  to   space 11264K, 0% used [0x00000000e6980000,0x00000000e6980000,0x00000000e7480000)
 ParOldGen       total 93696K, used 15188K [0x00000000a0000000, 0x00000000a5b80000, 0x00000000e0000000)
  object space 93696K, 16% used [0x00000000a0000000,0x00000000a0ed5148,0x00000000a5b80000)
 Metaspace       used 34621K, capacity 35412K, committed 35496K, reserved 1079296K
  class space    used 4651K, capacity 4849K, committed 4864K, reserved 1048576K
}
Event: 11.669 GC heap before
{Heap before GC invocations=12 (full 2):
 PSYoungGen      total 80896K, used 70144K [0x00000000e0000000, 0x00000000e7480000, 0x0000000100000000)
  eden space 70144K, 100% used [0x00000000e0000000,0x00000000e4480000,0x00000000e4480000)
  from space 10752K, 0% used [0x00000000e4480000,0x00000000e4480000,0x00000000e4f00000)
  to   space 11264K, 0% used [0x00000000e6980000,0x00000000e6980000,0x00000000e7480000)
 ParOldGen       total 93696K, used 15188K [0x00000000a0000000, 0x00000000a5b80000, 0x00000000e0000000)
  object space 93696K, 16% used [0x00000000a0000000,0x00000000a0ed5148,0x00000000a5b80000)
 Metaspace       used 37947K, capacity 38788K, committed 39168K, reserved 1083392K
  class space    used 5072K, capacity 5297K, committed 5376K, reserved 1048576K
Event: 11.688 GC heap after
Heap after GC invocations=12 (full 2):
 PSYoungGen      total 103936K, used 7512K [0x00000000e0000000, 0x00000000e7280000, 0x0000000100000000)
  eden space 94720K, 0% used [0x00000000e0000000,0x00000000e0000000,0x00000000e5c80000)
  from space 9216K, 81% used [0x00000000e6980000,0x00000000e70d6358,0x00000000e7280000)
  to   space 11264K, 0% used [0x00000000e5c80000,0x00000000e5c80000,0x00000000e6780000)
 ParOldGen       total 93696K, used 15196K [0x00000000a0000000, 0x00000000a5b80000, 0x00000000e0000000)
  object space 93696K, 16% used [0x00000000a0000000,0x00000000a0ed7148,0x00000000a5b80000)
 Metaspace       used 37947K, capacity 38788K, committed 39168K, reserved 1083392K
  class space    used 5072K, capacity 5297K, committed 5376K, reserved 1048576K
}
Event: 13.885 GC heap before
{Heap before GC invocations=13 (full 2):
 PSYoungGen      total 103936K, used 102232K [0x00000000e0000000, 0x00000000e7280000, 0x0000000100000000)
  eden space 94720K, 100% used [0x00000000e0000000,0x00000000e5c80000,0x00000000e5c80000)
  from space 9216K, 81% used [0x00000000e6980000,0x00000000e70d6358,0x00000000e7280000)
  to   space 11264K, 0% used [0x00000000e5c80000,0x00000000e5c80000,0x00000000e6780000)
 ParOldGen       total 93696K, used 15196K [0x00000000a0000000, 0x00000000a5b80000, 0x00000000e0000000)
  object space 93696K, 16% used [0x00000000a0000000,0x00000000a0ed7148,0x00000000a5b80000)
 Metaspace       used 45100K, capacity 46250K, committed 46592K, reserved 1089536K
  class space    used 6051K, capacity 6313K, committed 6400K, reserved 1048576K
Event: 13.986 GC heap after
Heap after GC invocations=13 (full 2):
 PSYoungGen      total 105984K, used 11233K [0x00000000e0000000, 0x00000000e9900000, 0x0000000100000000)
  eden space 94720K, 0% used [0x00000000e0000000,0x00000000e0000000,0x00000000e5c80000)
  from space 11264K, 99% used [0x00000000e5c80000,0x00000000e67786d8,0x00000000e6780000)
  to   space 12800K, 0% used [0x00000000e8c80000,0x00000000e8c80000,0x00000000e9900000)
 ParOldGen       total 93696K, used 16865K [0x00000000a0000000, 0x00000000a5b80000, 0x00000000e0000000)
  object space 93696K, 18% used [0x00000000a0000000,0x00000000a10787c8,0x00000000a5b80000)
 Metaspace       used 45100K, capacity 46250K, committed 46592K, reserved 1089536K
  class space    used 6051K, capacity 6313K, committed 6400K, reserved 1048576K
}
Event: 16.991 GC heap before
{Heap before GC invocations=14 (full 2):
 PSYoungGen      total 105984K, used 105953K [0x00000000e0000000, 0x00000000e9900000, 0x0000000100000000)
  eden space 94720K, 100% used [0x00000000e0000000,0x00000000e5c80000,0x00000000e5c80000)
  from space 11264K, 99% used [0x00000000e5c80000,0x00000000e67786d8,0x00000000e6780000)
  to   space 12800K, 0% used [0x00000000e8c80000,0x00000000e8c80000,0x00000000e9900000)
 ParOldGen       total 93696K, used 16865K [0x00000000a0000000, 0x00000000a5b80000, 0x00000000e0000000)
  object space 93696K, 18% used [0x00000000a0000000,0x00000000a10787c8,0x00000000a5b80000)
 Metaspace       used 49663K, capacity 51188K, committed 51456K, reserved 1093632K
  class space    used 6776K, capacity 7132K, committed 7168K, reserved 1048576K
Event: 17.036 GC heap after
Heap after GC invocations=14 (full 2):
 PSYoungGen      total 139776K, used 12787K [0x00000000e0000000, 0x00000000e9f80000, 0x0000000100000000)
  eden space 126976K, 0% used [0x00000000e0000000,0x00000000e0000000,0x00000000e7c00000)
  from space 12800K, 99% used [0x00000000e8c80000,0x00000000e98fce88,0x00000000e9900000)
  to   space 16896K, 0% used [0x00000000e7c00000,0x00000000e7c00000,0x00000000e8c80000)
 ParOldGen       total 93696K, used 24124K [0x00000000a0000000, 0x00000000a5b80000, 0x00000000e0000000)
  object space 93696K, 25% used [0x00000000a0000000,0x00000000a178f270,0x00000000a5b80000)
 Metaspace       used 49663K, capacity 51188K, committed 51456K, reserved 1093632K
  class space    used 6776K, capacity 7132K, committed 7168K, reserved 1048576K
}
Event: 148.914 GC heap before
{Heap before GC invocations=15 (full 2):
 PSYoungGen      total 139776K, used 139763K [0x00000000e0000000, 0x00000000e9f80000, 0x0000000100000000)
  eden space 126976K, 100% used [0x00000000e0000000,0x00000000e7c00000,0x00000000e7c00000)
  from space 12800K, 99% used [0x00000000e8c80000,0x00000000e98fce88,0x00000000e9900000)
  to   space 16896K, 0% used [0x00000000e7c00000,0x00000000e7c00000,0x00000000e8c80000)
 ParOldGen       total 93696K, used 24124K [0x00000000a0000000, 0x00000000a5b80000, 0x00000000e0000000)
  object space 93696K, 25% used [0x00000000a0000000,0x00000000a178f270,0x00000000a5b80000)
 Metaspace       used 53757K, capacity 56106K, committed 56320K, reserved 1097728K
  class space    used 7324K, capacity 7822K, committed 7936K, reserved 1048576K
Event: 148.947 GC heap after
Heap after GC invocations=15 (full 2):
 PSYoungGen      total 143872K, used 16880K [0x00000000e0000000, 0x00000000ed180000, 0x0000000100000000)
  eden space 126976K, 0% used [0x00000000e0000000,0x00000000e0000000,0x00000000e7c00000)
  from space 16896K, 99% used [0x00000000e7c00000,0x00000000e8c7c228,0x00000000e8c80000)
  to   space 23040K, 0% used [0x00000000ebb00000,0x00000000ebb00000,0x00000000ed180000)
 ParOldGen       total 93696K, used 34384K [0x00000000a0000000, 0x00000000a5b80000, 0x00000000e0000000)
  object space 93696K, 36% used [0x00000000a0000000,0x00000000a21942e8,0x00000000a5b80000)
 Metaspace       used 53757K, capacity 56106K, committed 56320K, reserved 1097728K
  class space    used 7324K, capacity 7822K, committed 7936K, reserved 1048576K
}

