# JRE version: OpenJDK Runtime Environment (8.0_112-b06) (build 1.8.0_112-release-b06)
# Java VM: OpenJDK 64-Bit Server VM (25.112-b06 mixed mode windows-amd64 compressed oops)
Heap:
 PSYoungGen      total 91648K, used 45016K [0x00000000e0000000, 0x00000000e7c80000, 0x0000000100000000)
  eden space 80896K, 42% used [0x00000000e0000000,0x00000000e218f8c8,0x00000000e4f00000)
  from space 10752K, 99% used [0x00000000e4f00000,0x00000000e5966900,0x00000000e5980000)
  to   space 11776K, 0% used [0x00000000e7100000,0x00000000e7100000,0x00000000e7c80000)
 ParOldGen       total 99840K, used 15967K [0x00000000a0000000, 0x00000000a6180000, 0x00000000e0000000)
  object space 99840K, 15% used [0x00000000a0000000,0x00000000a0f97e90,0x00000000a6180000)
 Metaspace       used 45458K, capacity 46710K, committed 46848K, reserved 1089536K
  class space    used 6113K, capacity 6377K, committed 6400K, reserved 1048576K
GC Heap History (10 events):
Event: 12.407 GC heap before
{Heap before GC invocations=9 (full 1):
 PSYoungGen      total 55808K, used 52292K [0x00000000e0000000, 0x00000000e5100000, 0x0000000100000000)
  eden space 45568K, 100% used [0x00000000e0000000,0x00000000e2c80000,0x00000000e2c80000)
  from space 10240K, 65% used [0x00000000e2c80000,0x00000000e3311038,0x00000000e3680000)
  to   space 9728K, 0% used [0x00000000e4780000,0x00000000e4780000,0x00000000e5100000)
 ParOldGen       total 66048K, used 8647K [0x00000000a0000000, 0x00000000a4080000, 0x00000000e0000000)
  object space 66048K, 13% used [0x00000000a0000000,0x00000000a0871f30,0x00000000a4080000)
 Metaspace       used 32275K, capacity 32932K, committed 33024K, reserved 1077248K
  class space    used 4364K, capacity 4573K, committed 4608K, reserved 1048576K
Event: 12.421 GC heap after
Heap after GC invocations=9 (full 1):
 PSYoungGen      total 71680K, used 8436K [0x00000000e0000000, 0x00000000e5180000, 0x0000000100000000)
  eden space 61952K, 0% used [0x00000000e0000000,0x00000000e0000000,0x00000000e3c80000)
  from space 9728K, 86% used [0x00000000e4780000,0x00000000e4fbd3f0,0x00000000e5100000)
  to   space 10752K, 0% used [0x00000000e3c80000,0x00000000e3c80000,0x00000000e4700000)
 ParOldGen       total 66048K, used 8727K [0x00000000a0000000, 0x00000000a4080000, 0x00000000e0000000)
  object space 66048K, 13% used [0x00000000a0000000,0x00000000a0885f40,0x00000000a4080000)
 Metaspace       used 32275K, capacity 32932K, committed 33024K, reserved 1077248K
  class space    used 4364K, capacity 4573K, committed 4608K, reserved 1048576K
}
Event: 12.740 GC heap before
{Heap before GC invocations=10 (full 1):
 PSYoungGen      total 71680K, used 28278K [0x00000000e0000000, 0x00000000e5180000, 0x0000000100000000)
  eden space 61952K, 32% used [0x00000000e0000000,0x00000000e1360738,0x00000000e3c80000)
  from space 9728K, 86% used [0x00000000e4780000,0x00000000e4fbd3f0,0x00000000e5100000)
  to   space 10752K, 0% used [0x00000000e3c80000,0x00000000e3c80000,0x00000000e4700000)
 ParOldGen       total 66048K, used 8727K [0x00000000a0000000, 0x00000000a4080000, 0x00000000e0000000)
  object space 66048K, 13% used [0x00000000a0000000,0x00000000a0885f40,0x00000000a4080000)
 Metaspace       used 34602K, capacity 35348K, committed 35496K, reserved 1079296K
  class space    used 4655K, capacity 4849K, committed 4864K, reserved 1048576K
Event: 12.750 GC heap after
Heap after GC invocations=10 (full 1):
 PSYoungGen      total 72704K, used 9366K [0x00000000e0000000, 0x00000000e6480000, 0x0000000100000000)
  eden space 61952K, 0% used [0x00000000e0000000,0x00000000e0000000,0x00000000e3c80000)
  from space 10752K, 87% used [0x00000000e3c80000,0x00000000e45a5818,0x00000000e4700000)
  to   space 11264K, 0% used [0x00000000e5980000,0x00000000e5980000,0x00000000e6480000)
 ParOldGen       total 66048K, used 8735K [0x00000000a0000000, 0x00000000a4080000, 0x00000000e0000000)
  object space 66048K, 13% used [0x00000000a0000000,0x00000000a0887f40,0x00000000a4080000)
 Metaspace       used 34602K, capacity 35348K, committed 35496K, reserved 1079296K
  class space    used 4655K, capacity 4849K, committed 4864K, reserved 1048576K
}
Event: 12.750 GC heap before
{Heap before GC invocations=11 (full 2):
 PSYoungGen      total 72704K, used 9366K [0x00000000e0000000, 0x00000000e6480000, 0x0000000100000000)
  eden space 61952K, 0% used [0x00000000e0000000,0x00000000e0000000,0x00000000e3c80000)
  from space 10752K, 87% used [0x00000000e3c80000,0x00000000e45a5818,0x00000000e4700000)
  to   space 11264K, 0% used [0x00000000e5980000,0x00000000e5980000,0x00000000e6480000)
 ParOldGen       total 66048K, used 8735K [0x00000000a0000000, 0x00000000a4080000, 0x00000000e0000000)
  object space 66048K, 13% used [0x00000000a0000000,0x00000000a0887f40,0x00000000a4080000)
 Metaspace       used 34602K, capacity 35348K, committed 35496K, reserved 1079296K
  class space    used 4655K, capacity 4849K, committed 4864K, reserved 1048576K
Event: 12.844 GC heap after
Heap after GC invocations=11 (full 2):
 PSYoungGen      total 72704K, used 0K [0x00000000e0000000, 0x00000000e6480000, 0x0000000100000000)
  eden space 61952K, 0% used [0x00000000e0000000,0x00000000e0000000,0x00000000e3c80000)
  from space 10752K, 0% used [0x00000000e3c80000,0x00000000e3c80000,0x00000000e4700000)
  to   space 11264K, 0% used [0x00000000e5980000,0x00000000e5980000,0x00000000e6480000)
 ParOldGen       total 99840K, used 15959K [0x00000000a0000000, 0x00000000a6180000, 0x00000000e0000000)
  object space 99840K, 15% used [0x00000000a0000000,0x00000000a0f95e90,0x00000000a6180000)
 Metaspace       used 34602K, capacity 35348K, committed 35496K, reserved 1079296K
  class space    used 4655K, capacity 4849K, committed 4864K, reserved 1048576K
}
Event: 13.742 GC heap before
{Heap before GC invocations=12 (full 2):
 PSYoungGen      total 72704K, used 61952K [0x00000000e0000000, 0x00000000e6480000, 0x0000000100000000)
  eden space 61952K, 100% used [0x00000000e0000000,0x00000000e3c80000,0x00000000e3c80000)
  from space 10752K, 0% used [0x00000000e3c80000,0x00000000e3c80000,0x00000000e4700000)
  to   space 11264K, 0% used [0x00000000e5980000,0x00000000e5980000,0x00000000e6480000)
 ParOldGen       total 99840K, used 15959K [0x00000000a0000000, 0x00000000a6180000, 0x00000000e0000000)
  object space 99840K, 15% used [0x00000000a0000000,0x00000000a0f95e90,0x00000000a6180000)
 Metaspace       used 37769K, capacity 38604K, committed 38912K, reserved 1083392K
  class space    used 5042K, capacity 5259K, committed 5376K, reserved 1048576K
Event: 13.758 GC heap after
Heap after GC invocations=12 (full 2):
 PSYoungGen      total 91648K, used 6422K [0x00000000e0000000, 0x00000000e6400000, 0x0000000100000000)
  eden space 80896K, 0% used [0x00000000e0000000,0x00000000e0000000,0x00000000e4f00000)
  from space 10752K, 59% used [0x00000000e5980000,0x00000000e5fc5bd8,0x00000000e6400000)
  to   space 10752K, 0% used [0x00000000e4f00000,0x00000000e4f00000,0x00000000e5980000)
 ParOldGen       total 99840K, used 15959K [0x00000000a0000000, 0x00000000a6180000, 0x00000000e0000000)
  object space 99840K, 15% used [0x00000000a0000000,0x00000000a0f95e90,0x00000000a6180000)
 Metaspace       used 37769K, capacity 38604K, committed 38912K, reserved 1083392K
  class space    used 5042K, capacity 5259K, committed 5376K, reserved 1048576K
}
Event: 15.713 GC heap before
{Heap before GC invocations=13 (full 2):
 PSYoungGen      total 91648K, used 87318K [0x00000000e0000000, 0x00000000e6400000, 0x0000000100000000)
  eden space 80896K, 100% used [0x00000000e0000000,0x00000000e4f00000,0x00000000e4f00000)
  from space 10752K, 59% used [0x00000000e5980000,0x00000000e5fc5bd8,0x00000000e6400000)
  to   space 10752K, 0% used [0x00000000e4f00000,0x00000000e4f00000,0x00000000e5980000)
 ParOldGen       total 99840K, used 15959K [0x00000000a0000000, 0x00000000a6180000, 0x00000000e0000000)
  object space 99840K, 15% used [0x00000000a0000000,0x00000000a0f95e90,0x00000000a6180000)
 Metaspace       used 43250K, capacity 44242K, committed 44544K, reserved 1087488K
  class space    used 5797K, capacity 6057K, committed 6144K, reserved 1048576K
Event: 15.732 GC heap after
Heap after GC invocations=13 (full 2):
 PSYoungGen      total 91648K, used 10650K [0x00000000e0000000, 0x00000000e7c80000, 0x0000000100000000)
  eden space 80896K, 0% used [0x00000000e0000000,0x00000000e0000000,0x00000000e4f00000)
  from space 10752K, 99% used [0x00000000e4f00000,0x00000000e5966900,0x00000000e5980000)
  to   space 11776K, 0% used [0x00000000e7100000,0x00000000e7100000,0x00000000e7c80000)
 ParOldGen       total 99840K, used 15967K [0x00000000a0000000, 0x00000000a6180000, 0x00000000e0000000)
  object space 99840K, 15% used [0x00000000a0000000,0x00000000a0f97e90,0x00000000a6180000)
 Metaspace       used 43250K, capacity 44242K, committed 44544K, reserved 1087488K
  class space    used 5797K, capacity 6057K, committed 6144K, reserved 1048576K
}

