# JRE version: OpenJDK Runtime Environment (8.0_112-b06) (build 1.8.0_112-release-b06)
# Java VM: OpenJDK 64-Bit Server VM (25.112-b06 mixed mode windows-amd64 compressed oops)
Heap:
 PSYoungGen      total 173568K, used 77489K [0x00000000e0000000, 0x00000000ec280000, 0x0000000100000000)
  eden space 147968K, 43% used [0x00000000e0000000,0x00000000e3eb9220,0x00000000e9080000)
  from space 25600K, 51% used [0x00000000e9080000,0x00000000e9d73400,0x00000000ea980000)
  to   space 22528K, 0% used [0x00000000eaa00000,0x00000000eaa00000,0x00000000ec000000)
 ParOldGen       total 155136K, used 46814K [0x00000000a0000000, 0x00000000a9780000, 0x00000000e0000000)
  object space 155136K, 30% used [0x00000000a0000000,0x00000000a2db7ae8,0x00000000a9780000)
 Metaspace       used 62998K, capacity 65746K, committed 65920K, reserved 1105920K
  class space    used 8413K, capacity 8976K, committed 9088K, reserved 1048576K
GC Heap History (10 events):
Event: 12.196 GC heap before
{Heap before GC invocations=14 (full 2):
 PSYoungGen      total 100864K, used 100852K [0x00000000e0000000, 0x00000000e8b00000, 0x0000000100000000)
  eden space 89600K, 100% used [0x00000000e0000000,0x00000000e5780000,0x00000000e5780000)
  from space 11264K, 99% used [0x00000000e5780000,0x00000000e627d138,0x00000000e6280000)
  to   space 12800K, 0% used [0x00000000e7e80000,0x00000000e7e80000,0x00000000e8b00000)
 ParOldGen       total 95232K, used 15581K [0x00000000a0000000, 0x00000000a5d00000, 0x00000000e0000000)
  object space 95232K, 16% used [0x00000000a0000000,0x00000000a0f37558,0x00000000a5d00000)
 Metaspace       used 49178K, capacity 50834K, committed 51200K, reserved 1093632K
  class space    used 6701K, capacity 7056K, committed 7168K, reserved 1048576K
Event: 12.230 GC heap after
Heap after GC invocations=14 (full 2):
 PSYoungGen      total 126464K, used 12768K [0x00000000e0000000, 0x00000000e9180000, 0x0000000100000000)
  eden space 113664K, 0% used [0x00000000e0000000,0x00000000e0000000,0x00000000e6f00000)
  from space 12800K, 99% used [0x00000000e7e80000,0x00000000e8af81f8,0x00000000e8b00000)
  to   space 15872K, 0% used [0x00000000e6f00000,0x00000000e6f00000,0x00000000e7e80000)
 ParOldGen       total 95232K, used 20888K [0x00000000a0000000, 0x00000000a5d00000, 0x00000000e0000000)
  object space 95232K, 21% used [0x00000000a0000000,0x00000000a1466360,0x00000000a5d00000)
 Metaspace       used 49178K, capacity 50834K, committed 51200K, reserved 1093632K
  class space    used 6701K, capacity 7056K, committed 7168K, reserved 1048576K
}
Event: 13.630 GC heap before
{Heap before GC invocations=15 (full 2):
 PSYoungGen      total 126464K, used 126432K [0x00000000e0000000, 0x00000000e9180000, 0x0000000100000000)
  eden space 113664K, 100% used [0x00000000e0000000,0x00000000e6f00000,0x00000000e6f00000)
  from space 12800K, 99% used [0x00000000e7e80000,0x00000000e8af81f8,0x00000000e8b00000)
  to   space 15872K, 0% used [0x00000000e6f00000,0x00000000e6f00000,0x00000000e7e80000)
 ParOldGen       total 95232K, used 20888K [0x00000000a0000000, 0x00000000a5d00000, 0x00000000e0000000)
  object space 95232K, 21% used [0x00000000a0000000,0x00000000a1466360,0x00000000a5d00000)
 Metaspace       used 53376K, capacity 55510K, committed 55680K, reserved 1097728K
  class space    used 7285K, capacity 7750K, committed 7808K, reserved 1048576K
Event: 13.675 GC heap after
Heap after GC invocations=15 (full 2):
 PSYoungGen      total 129536K, used 15840K [0x00000000e0000000, 0x00000000ec000000, 0x0000000100000000)
  eden space 113664K, 0% used [0x00000000e0000000,0x00000000e0000000,0x00000000e6f00000)
  from space 15872K, 99% used [0x00000000e6f00000,0x00000000e7e781f8,0x00000000e7e80000)
  to   space 22528K, 0% used [0x00000000eaa00000,0x00000000eaa00000,0x00000000ec000000)
 ParOldGen       total 95232K, used 32616K [0x00000000a0000000, 0x00000000a5d00000, 0x00000000e0000000)
  object space 95232K, 34% used [0x00000000a0000000,0x00000000a1fda1c8,0x00000000a5d00000)
 Metaspace       used 53376K, capacity 55510K, committed 55680K, reserved 1097728K
  class space    used 7285K, capacity 7750K, committed 7808K, reserved 1048576K
}
Event: 28.118 GC heap before
{Heap before GC invocations=16 (full 2):
 PSYoungGen      total 129536K, used 122040K [0x00000000e0000000, 0x00000000ec000000, 0x0000000100000000)
  eden space 113664K, 93% used [0x00000000e0000000,0x00000000e67b5fa0,0x00000000e6f00000)
  from space 15872K, 99% used [0x00000000e6f00000,0x00000000e7e781f8,0x00000000e7e80000)
  to   space 22528K, 0% used [0x00000000eaa00000,0x00000000eaa00000,0x00000000ec000000)
 ParOldGen       total 95232K, used 32616K [0x00000000a0000000, 0x00000000a5d00000, 0x00000000e0000000)
  object space 95232K, 34% used [0x00000000a0000000,0x00000000a1fda1c8,0x00000000a5d00000)
 Metaspace       used 56734K, capacity 58976K, committed 59028K, reserved 1099776K
  class space    used 7662K, capacity 8159K, committed 8192K, reserved 1048576K
Event: 28.199 GC heap after
Heap after GC invocations=16 (full 2):
 PSYoungGen      total 170496K, used 22509K [0x00000000e0000000, 0x00000000ec280000, 0x0000000100000000)
  eden space 147968K, 0% used [0x00000000e0000000,0x00000000e0000000,0x00000000e9080000)
  from space 22528K, 99% used [0x00000000eaa00000,0x00000000ebffb7c8,0x00000000ec000000)
  to   space 25600K, 0% used [0x00000000e9080000,0x00000000e9080000,0x00000000ea980000)
 ParOldGen       total 95232K, used 32929K [0x00000000a0000000, 0x00000000a5d00000, 0x00000000e0000000)
  object space 95232K, 34% used [0x00000000a0000000,0x00000000a2028650,0x00000000a5d00000)
 Metaspace       used 56734K, capacity 58976K, committed 59028K, reserved 1099776K
  class space    used 7662K, capacity 8159K, committed 8192K, reserved 1048576K
}
Event: 28.199 GC heap before
{Heap before GC invocations=17 (full 3):
 PSYoungGen      total 170496K, used 22509K [0x00000000e0000000, 0x00000000ec280000, 0x0000000100000000)
  eden space 147968K, 0% used [0x00000000e0000000,0x00000000e0000000,0x00000000e9080000)
  from space 22528K, 99% used [0x00000000eaa00000,0x00000000ebffb7c8,0x00000000ec000000)
  to   space 25600K, 0% used [0x00000000e9080000,0x00000000e9080000,0x00000000ea980000)
 ParOldGen       total 95232K, used 32929K [0x00000000a0000000, 0x00000000a5d00000, 0x00000000e0000000)
  object space 95232K, 34% used [0x00000000a0000000,0x00000000a2028650,0x00000000a5d00000)
 Metaspace       used 56734K, capacity 58976K, committed 59028K, reserved 1099776K
  class space    used 7662K, capacity 8159K, committed 8192K, reserved 1048576K
Event: 28.595 GC heap after
Heap after GC invocations=17 (full 3):
 PSYoungGen      total 170496K, used 0K [0x00000000e0000000, 0x00000000ec280000, 0x0000000100000000)
  eden space 147968K, 0% used [0x00000000e0000000,0x00000000e0000000,0x00000000e9080000)
  from space 22528K, 0% used [0x00000000eaa00000,0x00000000eaa00000,0x00000000ec000000)
  to   space 25600K, 0% used [0x00000000e9080000,0x00000000e9080000,0x00000000ea980000)
 ParOldGen       total 155136K, used 46806K [0x00000000a0000000, 0x00000000a9780000, 0x00000000e0000000)
  object space 155136K, 30% used [0x00000000a0000000,0x00000000a2db5ae8,0x00000000a9780000)
 Metaspace       used 56734K, capacity 58976K, committed 59028K, reserved 1099776K
  class space    used 7662K, capacity 8159K, committed 8192K, reserved 1048576K
}
Event: 189.856 GC heap before
{Heap before GC invocations=18 (full 3):
 PSYoungGen      total 170496K, used 147968K [0x00000000e0000000, 0x00000000ec280000, 0x0000000100000000)
  eden space 147968K, 100% used [0x00000000e0000000,0x00000000e9080000,0x00000000e9080000)
  from space 22528K, 0% used [0x00000000eaa00000,0x00000000eaa00000,0x00000000ec000000)
  to   space 25600K, 0% used [0x00000000e9080000,0x00000000e9080000,0x00000000ea980000)
 ParOldGen       total 155136K, used 46806K [0x00000000a0000000, 0x00000000a9780000, 0x00000000e0000000)
  object space 155136K, 30% used [0x00000000a0000000,0x00000000a2db5ae8,0x00000000a9780000)
 Metaspace       used 62241K, capacity 64816K, committed 65024K, reserved 1105920K
  class space    used 8326K, capacity 8881K, committed 8960K, reserved 1048576K
Event: 189.872 GC heap after
Heap after GC invocations=18 (full 3):
 PSYoungGen      total 173568K, used 13261K [0x00000000e0000000, 0x00000000ec280000, 0x0000000100000000)
  eden space 147968K, 0% used [0x00000000e0000000,0x00000000e0000000,0x00000000e9080000)
  from space 25600K, 51% used [0x00000000e9080000,0x00000000e9d73400,0x00000000ea980000)
  to   space 22528K, 0% used [0x00000000eaa00000,0x00000000eaa00000,0x00000000ec000000)
 ParOldGen       total 155136K, used 46814K [0x00000000a0000000, 0x00000000a9780000, 0x00000000e0000000)
  object space 155136K, 30% used [0x00000000a0000000,0x00000000a2db7ae8,0x00000000a9780000)
 Metaspace       used 62241K, capacity 64816K, committed 65024K, reserved 1105920K
  class space    used 8326K, capacity 8881K, committed 8960K, reserved 1048576K
}

