# JRE version: OpenJDK Runtime Environment (8.0_112-b06) (build 1.8.0_112-release-b06)
# Java VM: OpenJDK 64-Bit Server VM (25.112-b06 mixed mode windows-amd64 compressed oops)
Heap:
 PSYoungGen      total 174592K, used 120360K [0x00000000e0000000, 0x00000000eeb00000, 0x0000000100000000)
  eden space 157696K, 68% used [0x00000000e0000000,0x00000000e68c0520,0x00000000e9a00000)
  from space 16896K, 77% used [0x00000000eb300000,0x00000000ebfc9da8,0x00000000ec380000)
  to   space 25600K, 0% used [0x00000000e9a00000,0x00000000e9a00000,0x00000000eb300000)
 ParOldGen       total 100352K, used 45191K [0x00000000a0000000, 0x00000000a6200000, 0x00000000e0000000)
  object space 100352K, 45% used [0x00000000a0000000,0x00000000a2c21df0,0x00000000a6200000)
 Metaspace       used 63108K, capacity 65978K, committed 66176K, reserved 1105920K
  class space    used 8399K, capacity 8972K, committed 9088K, reserved 1048576K
GC Heap History (10 events):
Event: 14.476 GC heap before
{Heap before GC invocations=11 (full 2):
 PSYoungGen      total 146432K, used 145939K [0x00000000e0000000, 0x00000000e9d80000, 0x0000000100000000)
  eden space 135680K, 100% used [0x00000000e0000000,0x00000000e8480000,0x00000000e8480000)
  from space 10752K, 95% used [0x00000000e9300000,0x00000000e9d04dd8,0x00000000e9d80000)
  to   space 12800K, 0% used [0x00000000e8480000,0x00000000e8480000,0x00000000e9100000)
 ParOldGen       total 100352K, used 17448K [0x00000000a0000000, 0x00000000a6200000, 0x00000000e0000000)
  object space 100352K, 17% used [0x00000000a0000000,0x00000000a110a200,0x00000000a6200000)
 Metaspace       used 48545K, capacity 50156K, committed 50304K, reserved 1093632K
  class space    used 6597K, capacity 6959K, committed 7040K, reserved 1048576K
Event: 14.507 GC heap after
Heap after GC invocations=11 (full 2):
 PSYoungGen      total 148480K, used 12771K [0x00000000e0000000, 0x00000000ec380000, 0x0000000100000000)
  eden space 135680K, 0% used [0x00000000e0000000,0x00000000e0000000,0x00000000e8480000)
  from space 12800K, 99% used [0x00000000e8480000,0x00000000e90f8ca0,0x00000000e9100000)
  to   space 16896K, 0% used [0x00000000eb300000,0x00000000eb300000,0x00000000ec380000)
 ParOldGen       total 100352K, used 25116K [0x00000000a0000000, 0x00000000a6200000, 0x00000000e0000000)
  object space 100352K, 25% used [0x00000000a0000000,0x00000000a18873a8,0x00000000a6200000)
 Metaspace       used 48545K, capacity 50156K, committed 50304K, reserved 1093632K
  class space    used 6597K, capacity 6959K, committed 7040K, reserved 1048576K
}
Event: 18.949 GC heap before
{Heap before GC invocations=12 (full 2):
 PSYoungGen      total 148480K, used 148451K [0x00000000e0000000, 0x00000000ec380000, 0x0000000100000000)
  eden space 135680K, 100% used [0x00000000e0000000,0x00000000e8480000,0x00000000e8480000)
  from space 12800K, 99% used [0x00000000e8480000,0x00000000e90f8ca0,0x00000000e9100000)
  to   space 16896K, 0% used [0x00000000eb300000,0x00000000eb300000,0x00000000ec380000)
 ParOldGen       total 100352K, used 25116K [0x00000000a0000000, 0x00000000a6200000, 0x00000000e0000000)
  object space 100352K, 25% used [0x00000000a0000000,0x00000000a18873a8,0x00000000a6200000)
 Metaspace       used 53501K, capacity 55682K, committed 55936K, reserved 1097728K
  class space    used 7296K, capacity 7794K, committed 7808K, reserved 1048576K
Event: 19.025 GC heap after
Heap after GC invocations=12 (full 2):
 PSYoungGen      total 176640K, used 16864K [0x00000000e0000000, 0x00000000ed200000, 0x0000000100000000)
  eden space 159744K, 0% used [0x00000000e0000000,0x00000000e0000000,0x00000000e9c00000)
  from space 16896K, 99% used [0x00000000eb300000,0x00000000ec378218,0x00000000ec380000)
  to   space 23552K, 0% used [0x00000000e9c00000,0x00000000e9c00000,0x00000000eb300000)
 ParOldGen       total 100352K, used 36777K [0x00000000a0000000, 0x00000000a6200000, 0x00000000e0000000)
  object space 100352K, 36% used [0x00000000a0000000,0x00000000a23ea5f8,0x00000000a6200000)
 Metaspace       used 53501K, capacity 55682K, committed 55936K, reserved 1097728K
  class space    used 7296K, capacity 7794K, committed 7808K, reserved 1048576K
}
Event: 24.683 GC heap before
{Heap before GC invocations=13 (full 2):
 PSYoungGen      total 176640K, used 113584K [0x00000000e0000000, 0x00000000ed200000, 0x0000000100000000)
  eden space 159744K, 60% used [0x00000000e0000000,0x00000000e5e740e8,0x00000000e9c00000)
  from space 16896K, 99% used [0x00000000eb300000,0x00000000ec378218,0x00000000ec380000)
  to   space 23552K, 0% used [0x00000000e9c00000,0x00000000e9c00000,0x00000000eb300000)
 ParOldGen       total 100352K, used 36777K [0x00000000a0000000, 0x00000000a6200000, 0x00000000e0000000)
  object space 100352K, 36% used [0x00000000a0000000,0x00000000a23ea5f8,0x00000000a6200000)
 Metaspace       used 56608K, capacity 58940K, committed 59028K, reserved 1099776K
  class space    used 7627K, capacity 8127K, committed 8192K, reserved 1048576K
Event: 24.725 GC heap after
Heap after GC invocations=13 (full 2):
 PSYoungGen      total 183296K, used 23272K [0x00000000e0000000, 0x00000000ed200000, 0x0000000100000000)
  eden space 159744K, 0% used [0x00000000e0000000,0x00000000e0000000,0x00000000e9c00000)
  from space 23552K, 98% used [0x00000000e9c00000,0x00000000eb2ba1a0,0x00000000eb300000)
  to   space 16896K, 0% used [0x00000000eb300000,0x00000000eb300000,0x00000000ec380000)
 ParOldGen       total 100352K, used 36785K [0x00000000a0000000, 0x00000000a6200000, 0x00000000e0000000)
  object space 100352K, 36% used [0x00000000a0000000,0x00000000a23ec5f8,0x00000000a6200000)
 Metaspace       used 56608K, capacity 58940K, committed 59028K, reserved 1099776K
  class space    used 7627K, capacity 8127K, committed 8192K, reserved 1048576K
}
Event: 24.725 GC heap before
{Heap before GC invocations=14 (full 3):
 PSYoungGen      total 183296K, used 23272K [0x00000000e0000000, 0x00000000ed200000, 0x0000000100000000)
  eden space 159744K, 0% used [0x00000000e0000000,0x00000000e0000000,0x00000000e9c00000)
  from space 23552K, 98% used [0x00000000e9c00000,0x00000000eb2ba1a0,0x00000000eb300000)
  to   space 16896K, 0% used [0x00000000eb300000,0x00000000eb300000,0x00000000ec380000)
 ParOldGen       total 100352K, used 36785K [0x00000000a0000000, 0x00000000a6200000, 0x00000000e0000000)
  object space 100352K, 36% used [0x00000000a0000000,0x00000000a23ec5f8,0x00000000a6200000)
 Metaspace       used 56608K, capacity 58940K, committed 59028K, reserved 1099776K
  class space    used 7627K, capacity 8127K, committed 8192K, reserved 1048576K
Event: 25.055 GC heap after
Heap after GC invocations=14 (full 3):
 PSYoungGen      total 183296K, used 0K [0x00000000e0000000, 0x00000000ed200000, 0x0000000100000000)
  eden space 159744K, 0% used [0x00000000e0000000,0x00000000e0000000,0x00000000e9c00000)
  from space 23552K, 0% used [0x00000000e9c00000,0x00000000e9c00000,0x00000000eb300000)
  to   space 16896K, 0% used [0x00000000eb300000,0x00000000eb300000,0x00000000ec380000)
 ParOldGen       total 100352K, used 45183K [0x00000000a0000000, 0x00000000a6200000, 0x00000000e0000000)
  object space 100352K, 45% used [0x00000000a0000000,0x00000000a2c1fdf0,0x00000000a6200000)
 Metaspace       used 56608K, capacity 58940K, committed 59028K, reserved 1099776K
  class space    used 7627K, capacity 8127K, committed 8192K, reserved 1048576K
}
Event: 197.854 GC heap before
{Heap before GC invocations=15 (full 3):
 PSYoungGen      total 183296K, used 159744K [0x00000000e0000000, 0x00000000ed200000, 0x0000000100000000)
  eden space 159744K, 100% used [0x00000000e0000000,0x00000000e9c00000,0x00000000e9c00000)
  from space 23552K, 0% used [0x00000000e9c00000,0x00000000e9c00000,0x00000000eb300000)
  to   space 16896K, 0% used [0x00000000eb300000,0x00000000eb300000,0x00000000ec380000)
 ParOldGen       total 100352K, used 45183K [0x00000000a0000000, 0x00000000a6200000, 0x00000000e0000000)
  object space 100352K, 45% used [0x00000000a0000000,0x00000000a2c1fdf0,0x00000000a6200000)
 Metaspace       used 61386K, capacity 63890K, committed 64128K, reserved 1103872K
  class space    used 8161K, capacity 8708K, committed 8832K, reserved 1048576K
Event: 197.870 GC heap after
Heap after GC invocations=15 (full 3):
 PSYoungGen      total 174592K, used 13095K [0x00000000e0000000, 0x00000000eeb00000, 0x0000000100000000)
  eden space 157696K, 0% used [0x00000000e0000000,0x00000000e0000000,0x00000000e9a00000)
  from space 16896K, 77% used [0x00000000eb300000,0x00000000ebfc9da8,0x00000000ec380000)
  to   space 25600K, 0% used [0x00000000e9a00000,0x00000000e9a00000,0x00000000eb300000)
 ParOldGen       total 100352K, used 45191K [0x00000000a0000000, 0x00000000a6200000, 0x00000000e0000000)
  object space 100352K, 45% used [0x00000000a0000000,0x00000000a2c21df0,0x00000000a6200000)
 Metaspace       used 61386K, capacity 63890K, committed 64128K, reserved 1103872K
  class space    used 8161K, capacity 8708K, committed 8832K, reserved 1048576K
}

